<?xml version="1.0" encoding="UTF-8"?>
<!-- Generated by org.testng.reporters.JUnitReportReporter -->
<testsuite hostname="4KMOUN6CN638Y3Z" name="tests1.NewTest1" tests="1" failures="0" timestamp="29 Sep 2019 05:31:46 GMT" time="5.671" errors="0">
  <testcase name="openMyBlog" time="5.671" classname="tests1.NewTest1"/>
</testsuite> <!-- tests1.NewTest1 -->
